c:\users\kavinda ravishan\source\repos\hotel_booking\hotel_booking\x64\debug\vc141.pdb
c:\users\kavinda ravishan\source\repos\hotel_booking\hotel_booking\x64\debug\usermainform.obj
c:\users\kavinda ravishan\source\repos\hotel_booking\hotel_booking\x64\debug\mainform.obj
c:\users\kavinda ravishan\source\repos\hotel_booking\hotel_booking\x64\debug\login.obj
c:\users\kavinda ravishan\source\repos\hotel_booking\hotel_booking\x64\debug\changepass.obj
c:\users\kavinda ravishan\source\repos\hotel_booking\hotel_booking\x64\debug\advanced.obj
c:\users\kavinda ravishan\source\repos\hotel_booking\hotel_booking\x64\debug\adminform.obj
c:\users\kavinda ravishan\source\repos\hotel_booking\hotel_booking\x64\debug\.netframework,version=v4.6.1.assemblyattributes.obj
c:\users\kavinda ravishan\source\repos\hotel_booking\hotel_booking\x64\debug\.netframework,version=v4.6.1.assemblyattributes.asm
c:\users\kavinda ravishan\desktop\hotel_booking\hotel_booking\x64\debug\vc141.pdb
c:\users\kavinda ravishan\desktop\hotel_booking\hotel_booking\x64\debug\usermainform.obj
c:\users\kavinda ravishan\desktop\hotel_booking\hotel_booking\x64\debug\mainform.obj
c:\users\kavinda ravishan\desktop\hotel_booking\hotel_booking\x64\debug\login.obj
c:\users\kavinda ravishan\desktop\hotel_booking\hotel_booking\x64\debug\changepass.obj
c:\users\kavinda ravishan\desktop\hotel_booking\hotel_booking\x64\debug\advanced.obj
c:\users\kavinda ravishan\desktop\hotel_booking\hotel_booking\x64\debug\adminform.obj
c:\users\kavinda ravishan\source\repos\hotel_booking\hotel_booking\x64\debug\hotelbooking.adminform.resources
c:\users\kavinda ravishan\source\repos\hotel_booking\hotel_booking\x64\debug\hotelbooking.advanced.resources
c:\users\kavinda ravishan\source\repos\hotel_booking\hotel_booking\x64\debug\hotelbooking.changepass.resources
c:\users\kavinda ravishan\source\repos\hotel_booking\hotel_booking\x64\debug\hotelbooking.login.resources
c:\users\kavinda ravishan\source\repos\hotel_booking\hotel_booking\x64\debug\hotelbooking.mainform.resources
c:\users\kavinda ravishan\source\repos\hotel_booking\hotel_booking\x64\debug\hotelbooking.usermainform.resources
c:\users\kavinda ravishan\desktop\hotel_booking\hotel_booking\x64\debug\hotelbooking.adminform.resources
c:\users\kavinda ravishan\desktop\hotel_booking\hotel_booking\x64\debug\hotelbooking.advanced.resources
c:\users\kavinda ravishan\desktop\hotel_booking\hotel_booking\x64\debug\hotelbooking.changepass.resources
c:\users\kavinda ravishan\desktop\hotel_booking\hotel_booking\x64\debug\hotelbooking.login.resources
c:\users\kavinda ravishan\desktop\hotel_booking\hotel_booking\x64\debug\hotelbooking.mainform.resources
c:\users\kavinda ravishan\desktop\hotel_booking\hotel_booking\x64\debug\hotelbooking.usermainform.resources
c:\users\kavinda ravishan\source\repos\hotel_booking\x64\debug\hotel_booking.exe
c:\users\kavinda ravishan\source\repos\hotel_booking\x64\debug\hotel_booking.pdb
c:\users\kavinda ravishan\desktop\hotel_booking\x64\debug\hotel_booking.exe
c:\users\kavinda ravishan\desktop\hotel_booking\x64\debug\hotel_booking.pdb
d:\kvn_files\projects data\hotel booking\dvd\hotel_booking\hotel_booking\x64\debug\hotel_booking.vcxproj.generateresource.cache
d:\kvn_files\projects data\hotel booking\dvd\hotel_booking\hotel_booking\x64\debug\hotel_booking.vcxprojassemblyreference.cache
d:\kvn_files\projects data\hotel booking\dvd\hotel_booking\hotel_booking\x64\debug\hotel_booking.vcxprojresolveassemblyreference.cache
d:\kvn_files\projects data\hotel booking\dvd\hotel_booking\hotel_booking\x64\debug\.netframework,version=v4.6.1.assemblyattributes.obj
d:\kvn_files\projects data\hotel booking\dvd\hotel_booking\hotel_booking\x64\debug\adminform.obj
d:\kvn_files\projects data\hotel booking\dvd\hotel_booking\hotel_booking\x64\debug\advanced.obj
d:\kvn_files\projects data\hotel booking\dvd\hotel_booking\hotel_booking\x64\debug\changepass.obj
d:\kvn_files\projects data\hotel booking\dvd\hotel_booking\hotel_booking\x64\debug\login.obj
d:\kvn_files\projects data\hotel booking\dvd\hotel_booking\hotel_booking\x64\debug\mainform.obj
d:\kvn_files\projects data\hotel booking\dvd\hotel_booking\hotel_booking\x64\debug\usermainform.obj
d:\kvn_files\projects data\hotel booking\dvd\hotel_booking\hotel_booking\x64\debug\hotelbooking.adminform.resources
d:\kvn_files\projects data\hotel booking\dvd\hotel_booking\hotel_booking\x64\debug\hotelbooking.advanced.resources
d:\kvn_files\projects data\hotel booking\dvd\hotel_booking\hotel_booking\x64\debug\hotelbooking.changepass.resources
d:\kvn_files\projects data\hotel booking\dvd\hotel_booking\hotel_booking\x64\debug\hotelbooking.login.resources
d:\kvn_files\projects data\hotel booking\dvd\hotel_booking\hotel_booking\x64\debug\hotelbooking.mainform.resources
d:\kvn_files\projects data\hotel booking\dvd\hotel_booking\hotel_booking\x64\debug\hotelbooking.usermainform.resources
d:\kvn_files\projects data\hotel booking\dvd\hotel_booking\hotel_booking\x64\debug\vc141.pdb
d:\kvn_files\projects data\hotel booking\dvd\hotel_booking\x64\debug\hotel_booking.pdb
d:\kvn_files\projects data\hotel booking\dvd\hotel_booking\x64\debug\hotel_booking.exe
d:\kvn_files\projects data\hotel booking\dvd\hotel_booking\hotel_booking\x64\debug\hotel_booking.tlog\cl.command.1.tlog
d:\kvn_files\projects data\hotel booking\dvd\hotel_booking\hotel_booking\x64\debug\hotel_booking.tlog\cl.read.1.tlog
d:\kvn_files\projects data\hotel booking\dvd\hotel_booking\hotel_booking\x64\debug\hotel_booking.tlog\cl.write.1.tlog
d:\kvn_files\projects data\hotel booking\dvd\hotel_booking\hotel_booking\x64\debug\hotel_booking.tlog\hotel_booking.write.1u.tlog
d:\kvn_files\projects data\hotel booking\dvd\hotel_booking\hotel_booking\x64\debug\hotel_booking.tlog\link.command.1.tlog
d:\kvn_files\projects data\hotel booking\dvd\hotel_booking\hotel_booking\x64\debug\hotel_booking.tlog\link.read.1.tlog
d:\kvn_files\projects data\hotel booking\dvd\hotel_booking\hotel_booking\x64\debug\hotel_booking.tlog\link.write.1.tlog
d:\kvn_files\projects data\hotel booking\dvd\hotel_booking\hotel_booking\x64\debug\hotel_booking.tlog\metagen.read.1.tlog
d:\kvn_files\projects data\hotel booking\dvd\hotel_booking\hotel_booking\x64\debug\hotel_booking.tlog\metagen.write.1.tlog
d:\kvn_files\projects data\hotel booking\dvd\hotel_booking\hotel_booking\x64\debug\hotel_booking.tlog\tzres.dll.bi
